  settings.cpp
C:\Users\korom\Documents\Git\macrogroup_test_task\Settings_task\settings.cpp(34,22): warning C4305: инициализация: усечение из "int" в "char"
C:\Users\korom\Documents\Git\macrogroup_test_task\Settings_task\settings.cpp(34,22): warning C4309: инициализация: усечение константного значения
C:\Users\korom\Documents\Git\macrogroup_test_task\Settings_task\settings.cpp(73,27): warning C4244: аргумент: преобразование "double" в "_Ty", возможна потеря данных
          with
          [
              _Ty=float
          ]
C:\Users\korom\Documents\Git\macrogroup_test_task\Settings_task\inipp.h(86,10): error C2679: бинарный ">>": не найден оператор, принимающий правый операнд типа "T" (или приемлемое преобразование отсутствует)
          with
          [
              T=std::vector<float,std::allocator<float>>
          ]
D:\PROGRAMS\VS CPP\VC\Tools\MSVC\14.36.32532\include\istream(299,39): message : может быть "std::basic_istream<char,std::char_traits<char>> &std::basic_istream<char,std::char_traits<char>>::operator >>(std::basic_streambuf<char,std::char_traits<char>> *)"
D:\PROGRAMS\VS CPP\VC\Tools\MSVC\14.36.32532\include\istream(295,39): message : или       "std::basic_istream<char,std::char_traits<char>> &std::basic_istream<char,std::char_traits<char>>::operator >>(void *&)"
D:\PROGRAMS\VS CPP\VC\Tools\MSVC\14.36.32532\include\istream(291,39): message : или       "std::basic_istream<char,std::char_traits<char>> &std::basic_istream<char,std::char_traits<char>>::operator >>(long double &)"
D:\PROGRAMS\VS CPP\VC\Tools\MSVC\14.36.32532\include\istream(287,39): message : или       "std::basic_istream<char,std::char_traits<char>> &std::basic_istream<char,std::char_traits<char>>::operator >>(double &)"
D:\PROGRAMS\VS CPP\VC\Tools\MSVC\14.36.32532\include\istream(283,39): message : или       "std::basic_istream<char,std::char_traits<char>> &std::basic_istream<char,std::char_traits<char>>::operator >>(float &)"
D:\PROGRAMS\VS CPP\VC\Tools\MSVC\14.36.32532\include\istream(279,39): message : или       "std::basic_istream<char,std::char_traits<char>> &std::basic_istream<char,std::char_traits<char>>::operator >>(unsigned __int64 &)"
D:\PROGRAMS\VS CPP\VC\Tools\MSVC\14.36.32532\include\istream(275,39): message : или       "std::basic_istream<char,std::char_traits<char>> &std::basic_istream<char,std::char_traits<char>>::operator >>(__int64 &)"
D:\PROGRAMS\VS CPP\VC\Tools\MSVC\14.36.32532\include\istream(271,39): message : или       "std::basic_istream<char,std::char_traits<char>> &std::basic_istream<char,std::char_traits<char>>::operator >>(unsigned long &)"
D:\PROGRAMS\VS CPP\VC\Tools\MSVC\14.36.32532\include\istream(267,39): message : или       "std::basic_istream<char,std::char_traits<char>> &std::basic_istream<char,std::char_traits<char>>::operator >>(long &)"
D:\PROGRAMS\VS CPP\VC\Tools\MSVC\14.36.32532\include\istream(263,39): message : или       "std::basic_istream<char,std::char_traits<char>> &std::basic_istream<char,std::char_traits<char>>::operator >>(unsigned int &)"
D:\PROGRAMS\VS CPP\VC\Tools\MSVC\14.36.32532\include\istream(255,39): message : или       "std::basic_istream<char,std::char_traits<char>> &std::basic_istream<char,std::char_traits<char>>::operator >>(int &)"
D:\PROGRAMS\VS CPP\VC\Tools\MSVC\14.36.32532\include\istream(251,39): message : или       "std::basic_istream<char,std::char_traits<char>> &std::basic_istream<char,std::char_traits<char>>::operator >>(unsigned short &)"
D:\PROGRAMS\VS CPP\VC\Tools\MSVC\14.36.32532\include\istream(219,39): message : или       "std::basic_istream<char,std::char_traits<char>> &std::basic_istream<char,std::char_traits<char>>::operator >>(short &)"
D:\PROGRAMS\VS CPP\VC\Tools\MSVC\14.36.32532\include\istream(215,39): message : или       "std::basic_istream<char,std::char_traits<char>> &std::basic_istream<char,std::char_traits<char>>::operator >>(bool &)"
D:\PROGRAMS\VS CPP\VC\Tools\MSVC\14.36.32532\include\istream(186,39): message : или       "std::basic_istream<char,std::char_traits<char>> &std::basic_istream<char,std::char_traits<char>>::operator >>(std::ios_base &(__cdecl *)(std::ios_base &))"
D:\PROGRAMS\VS CPP\VC\Tools\MSVC\14.36.32532\include\istream(181,39): message : или       "std::basic_istream<char,std::char_traits<char>> &std::basic_istream<char,std::char_traits<char>>::operator >>(std::basic_ios<char,std::char_traits<char>> &(__cdecl *)(std::basic_ios<char,std::char_traits<char>> &))"
D:\PROGRAMS\VS CPP\VC\Tools\MSVC\14.36.32532\include\istream(176,39): message : или       "std::basic_istream<char,std::char_traits<char>> &std::basic_istream<char,std::char_traits<char>>::operator >>(std::basic_istream<char,std::char_traits<char>> &(__cdecl *)(std::basic_istream<char,std::char_traits<char>> &))"
D:\PROGRAMS\VS CPP\VC\Tools\MSVC\14.36.32532\include\istream(902,9): message : или       "_Istr &&std::operator >>(_Istr &&,_Ty &&)"
C:\Users\korom\Documents\Git\macrogroup_test_task\Settings_task\inipp.h(82): message : "_Istr &&std::operator >>(_Istr &&,_Ty &&)": не удается вывести аргумент шаблон для "__formal"
D:\PROGRAMS\VS CPP\VC\Tools\MSVC\14.36.32532\include\istream(889,31): message : или       "std::basic_istream<char,_Traits> &std::operator >>(std::basic_istream<char,_Traits> &,unsigned char &)"
C:\Users\korom\Documents\Git\macrogroup_test_task\Settings_task\inipp.h(86,31): message : инициализация: невозможно преобразовать "T" в "unsigned char &"
          with
          [
              T=std::vector<float,std::allocator<float>>
          ]
D:\PROGRAMS\VS CPP\VC\Tools\MSVC\14.36.32532\include\istream(883,31): message : или       "std::basic_istream<char,_Traits> &std::operator >>(std::basic_istream<char,_Traits> &,signed char &)"
C:\Users\korom\Documents\Git\macrogroup_test_task\Settings_task\inipp.h(86,31): message : инициализация: невозможно преобразовать "T" в "signed char &"
          with
          [
              T=std::vector<float,std::allocator<float>>
          ]
D:\PROGRAMS\VS CPP\VC\Tools\MSVC\14.36.32532\include\istream(860,32): message : или       "std::basic_istream<_Elem,_Traits> &std::operator >>(std::basic_istream<_Elem,_Traits> &,_Elem &)"
C:\Users\korom\Documents\Git\macrogroup_test_task\Settings_task\inipp.h(86,10): message : "std::basic_istream<_Elem,_Traits> &std::operator >>(std::basic_istream<_Elem,_Traits> &,_Elem &)": в шаблон параметр "_Elem" неоднозначен
C:\Users\korom\Documents\Git\macrogroup_test_task\Settings_task\inipp.h(86,10): message : может быть "T"
          with
          [
              T=std::vector<float,std::allocator<float>>
          ]
C:\Users\korom\Documents\Git\macrogroup_test_task\Settings_task\inipp.h(86,10): message : или       "char"
C:\Users\korom\Documents\Git\macrogroup_test_task\Settings_task\inipp.h(86,10): message : 'std::basic_istream<_Elem,_Traits> &std::operator >>(std::basic_istream<_Elem,_Traits> &,_Elem &)': не удалось вывести аргумент шаблон для '_Elem &' из 'T'
          with
          [
              T=std::vector<float,std::allocator<float>>
          ]
D:\PROGRAMS\VS CPP\VC\Tools\MSVC\14.36.32532\include\istream(854,31): message : или       "std::basic_istream<char,_Traits> &std::operator >>(std::basic_istream<char,_Traits> &,unsigned char *)"
C:\Users\korom\Documents\Git\macrogroup_test_task\Settings_task\inipp.h(86,31): message : инициализация: невозможно преобразовать "T" в "unsigned char *"
          with
          [
              T=std::vector<float,std::allocator<float>>
          ]
C:\Users\korom\Documents\Git\macrogroup_test_task\Settings_task\inipp.h(86,31): message : Для выполнения данного преобразования нет доступного оператора преобразования, определенного пользователем, или вызов оператора невозможен
D:\PROGRAMS\VS CPP\VC\Tools\MSVC\14.36.32532\include\istream(849,31): message : или       "std::basic_istream<char,_Traits> &std::operator >>(std::basic_istream<char,_Traits> &,signed char *)"
C:\Users\korom\Documents\Git\macrogroup_test_task\Settings_task\inipp.h(86,31): message : инициализация: невозможно преобразовать "T" в "signed char *"
          with
          [
              T=std::vector<float,std::allocator<float>>
          ]
C:\Users\korom\Documents\Git\macrogroup_test_task\Settings_task\inipp.h(86,31): message : Для выполнения данного преобразования нет доступного оператора преобразования, определенного пользователем, или вызов оператора невозможен
D:\PROGRAMS\VS CPP\VC\Tools\MSVC\14.36.32532\include\istream(844,32): message : или       "std::basic_istream<_Elem,_Traits> &std::operator >>(std::basic_istream<_Elem,_Traits> &,_Elem *)"
C:\Users\korom\Documents\Git\macrogroup_test_task\Settings_task\inipp.h(86,10): message : 'std::basic_istream<_Elem,_Traits> &std::operator >>(std::basic_istream<_Elem,_Traits> &,_Elem *)': не удалось вывести аргумент шаблон для '_Elem *' из 'T'
          with
          [
              T=std::vector<float,std::allocator<float>>
          ]
D:\PROGRAMS\VS CPP\VC\Tools\MSVC\14.36.32532\include\xstring(5172,32): message : или       "std::basic_istream<_Elem,_Traits> &std::operator >>(std::basic_istream<_Elem,_Traits> &,std::basic_string<_Elem,_Traits,_Alloc> &)"
C:\Users\korom\Documents\Git\macrogroup_test_task\Settings_task\inipp.h(86,10): message : 'std::basic_istream<_Elem,_Traits> &std::operator >>(std::basic_istream<_Elem,_Traits> &,std::basic_string<_Elem,_Traits,_Alloc> &)': не удалось вывести аргумент шаблон для 'std::basic_string<_Elem,_Traits,_Alloc> &' из 'T'
          with
          [
              T=std::vector<float,std::allocator<float>>
          ]
C:\Users\korom\Documents\Git\macrogroup_test_task\Settings_task\inipp.h(86,10): message : при попытке сопоставить список аргументов "(std::basic_istream<char,std::char_traits<char>>, T)"
          with
          [
              T=std::vector<float,std::allocator<float>>
          ]
C:\Users\korom\Documents\Git\macrogroup_test_task\Settings_task\inipp.h(105,9): message : выполняется компиляция ссылки на экземпляр шаблон функции "bool inipp::extract<char,T>(const std::basic_string<char,std::char_traits<char>,std::allocator<char>> &,T &)"
          with
          [
              T=std::vector<float,std::allocator<float>>
          ]
C:\Users\korom\Documents\Git\macrogroup_test_task\Settings_task\inipp.h(110,9): message : выполняется компиляция ссылки на экземпляр шаблон функции "bool inipp::get_value<char,T>(const std::map<std::string,std::string,std::less<std::string>,std::allocator<std::pair<const std::string,std::string>>> &,const std::basic_string<char,std::char_traits<char>,std::allocator<char>> &,T &)"
          with
          [
              T=std::vector<float,std::allocator<float>>
          ]
C:\Users\korom\Documents\Git\macrogroup_test_task\Settings_task\settings.cpp(41,10): message : выполняется компиляция ссылки на экземпляр шаблон функции "bool inipp::get_value<char,std::vector<float,std::allocator<float>>>(const std::map<std::string,std::string,std::less<std::string>,std::allocator<std::pair<const std::string,std::string>>> &,const CharT *,T &)"
          with
          [
              CharT=char,
              T=std::vector<float,std::allocator<float>>
          ]
